13:17:36.877 [debug] Child {XPLoggerFileBackend, :general_log} of Supervisor Logger.Backends.Supervisor started
Pid: #PID<0.103.0>
Start Call: Logger.Backends.Watcher.start_link({{XPLoggerFileBackend, :general_log}, {XPLoggerFileBackend, :general_log}})
Restart: :transient
Shutdown: 5000
Type: :worker
13:17:36.877 [info] Child Logger.Backends.Supervisor of Supervisor Logger.Backends.Internal started
Pid: #PID<0.102.0>
Start Call: Logger.Backends.Supervisor.start_link([{XPLoggerFileBackend, :general_log}])
Restart: :permanent
Shutdown: :infinity
Type: :supervisor
13:17:36.877 [info] Child Logger.Backends.Internal of Supervisor Logger.Supervisor started
Pid: #PID<0.98.0>
Start Call: Logger.Backends.Internal.start_link([])
Restart: :permanent
Shutdown: :infinity
Type: :supervisor
13:17:36.877 [info] Application logger started at :nonode@nohost
13:17:36.877 [info] Application xp_mime started at :nonode@nohost
13:17:36.877 [info] Application xp_hpax started at :nonode@nohost
13:17:36.877 [info] Application crypto started at :nonode@nohost
13:17:36.877 [info] Application asn1 started at :nonode@nohost
13:17:36.877 [info] Application public_key started at :nonode@nohost
13:17:36.878 [debug] Child :ssl_handler of Supervisor :logger_sup started
Pid: #PID<0.108.0>
Start Call: :logger_olp.start_link(:logger_std_h_ssl_handler, :logger_h_common, %{id: :ssl_handler, module: :logger_std_h, config: %{type: :standard_io, filesync_repeat_interval: :no_repeat}, level: :debug, filters: [], formatter: {:ssl_logger, %{}}, filter_default: :stop}, %{})
Restart: :temporary
Shutdown: 2000
Type: :worker
13:17:36.879 [info] Child :ssl_pem_cache of Supervisor :ssl_admin_sup started
Pid: #PID<0.112.0>
Start Call: :ssl_pem_cache.start_link([])
Restart: :permanent
Shutdown: 4000
Type: :worker
13:17:36.879 [info] Child :ssl_manager of Supervisor :ssl_admin_sup started
Pid: #PID<0.113.0>
Start Call: :ssl_manager.start_link([])
Restart: :permanent
Shutdown: 4000
Type: :worker
13:17:36.880 [info] Child :tls_client_ticket_store of Supervisor :ssl_admin_sup started
Pid: #PID<0.114.0>
Start Call: :tls_client_ticket_store.start_link(1000, 7200)
Restart: :permanent
Shutdown: 4000
Type: :worker
13:17:36.880 [info] Child :ssl_admin_sup of Supervisor :ssl_sup started
Pid: #PID<0.111.0>
Start Call: :ssl_admin_sup.start_link()
Restart: :permanent
Shutdown: 4000
Type: :supervisor
13:17:36.880 [info] Child :tls_connection_sup of Supervisor :tls_sup started
Pid: #PID<0.117.0>
Start Call: :tls_connection_sup.start_link()
Restart: :permanent
Shutdown: 4000
Type: :supervisor
13:17:36.881 [info] Child :ssl_listen_tracker_sup of Supervisor :tls_server_sup started
Pid: #PID<0.119.0>
Start Call: :ssl_listen_tracker_sup.start_link()
Restart: :permanent
Shutdown: 4000
Type: :supervisor
13:17:36.881 [info] Child :tls_server_session_ticket of Supervisor :tls_server_sup started
Pid: #PID<0.120.0>
Start Call: :tls_server_session_ticket_sup.start_link()
Restart: :permanent
Shutdown: 4000
Type: :supervisor
13:17:36.881 [info] Child :ssl_server_session_cache_sup of Supervisor :tls_server_sup started
Pid: #PID<0.121.0>
Start Call: :ssl_server_session_cache_sup.start_link()
Restart: :permanent
Shutdown: 4000
Type: :supervisor
13:17:36.881 [info] Child :ssl_upgrade_server_session_cache_sup of Supervisor :tls_server_sup started
Pid: #PID<0.122.0>
Start Call: :ssl_upgrade_server_session_cache_sup.start_link()
Restart: :permanent
Shutdown: 4000
Type: :supervisor
13:17:36.881 [info] Child :tls_server_sup of Supervisor :tls_sup started
Pid: #PID<0.118.0>
Start Call: :tls_server_sup.start_link()
Restart: :permanent
Shutdown: 4000
Type: :supervisor
13:17:36.881 [info] Child :tls_sup of Supervisor :ssl_connection_sup started
Pid: #PID<0.116.0>
Start Call: :tls_sup.start_link()
Restart: :permanent
Shutdown: 4000
Type: :supervisor
13:17:36.881 [info] Child :dtls_connection_sup of Supervisor :dtls_sup started
Pid: #PID<0.124.0>
Start Call: :dtls_connection_sup.start_link()
Restart: :permanent
Shutdown: 4000
Type: :supervisor
13:17:36.882 [info] Child :dtls_listener_sup of Supervisor :dtls_server_sup started
Pid: #PID<0.126.0>
Start Call: :dtls_listener_sup.start_link()
Restart: :permanent
Shutdown: 4000
Type: :supervisor
13:17:36.882 [info] Child :dtls_server_session_cache_sup of Supervisor :dtls_server_sup started
Pid: #PID<0.127.0>
Start Call: :dtls_server_session_cache_sup.start_link()
Restart: :permanent
Shutdown: 4000
Type: :supervisor
13:17:36.882 [info] Child :dtls_server_sup of Supervisor :dtls_sup started
Pid: #PID<0.125.0>
Start Call: :dtls_server_sup.start_link()
Restart: :permanent
Shutdown: 4000
Type: :supervisor
13:17:36.882 [info] Child :dtls_sup of Supervisor :ssl_connection_sup started
Pid: #PID<0.123.0>
Start Call: :dtls_sup.start_link()
Restart: :permanent
Shutdown: 4000
Type: :supervisor
13:17:36.882 [info] Child :ssl_connection_sup of Supervisor :ssl_sup started
Pid: #PID<0.115.0>
Start Call: :ssl_connection_sup.start_link()
Restart: :permanent
Shutdown: 4000
Type: :supervisor
13:17:36.882 [info] Application ssl started at :nonode@nohost
13:17:36.882 [info] Application xp_mint started at :nonode@nohost
13:17:36.882 [info] Application xp_nimble_options started at :nonode@nohost
13:17:36.883 [info] Child XPNimblePool.TaskSupervisor of Supervisor #PID<0.133.0> (Supervisor.Default) started
Pid: #PID<0.134.0>
Start Call: Task.Supervisor.start_link([name: XPNimblePool.TaskSupervisor])
Restart: :permanent
Shutdown: :infinity
Type: :supervisor
13:17:36.883 [info] Application xp_nimble_pool started at :nonode@nohost
13:17:36.884 [info] Child :telemetry_handler_table of Supervisor :telemetry_sup started
Pid: #PID<0.138.0>
Start Call: :telemetry_handler_table.start_link()
Restart: :permanent
Shutdown: 5000
Type: :worker
13:17:36.884 [info] Application xp_telemetry started at :nonode@nohost
13:17:36.884 [info] Application xp_finch started at :nonode@nohost
13:17:36.889 [info] Child XPReq.Finch.PIDPartition0 of Supervisor XPReq.Finch started
Pid: #PID<0.144.0>
Start Call: Registry.Partition.start_link(XPReq.Finch.PIDPartition0, {:duplicate, XPReq.Finch, 0, 1, XPReq.Finch.KeyPartition0, XPReq.Finch.PIDPartition0, [], false})
Restart: :permanent
Shutdown: 5000
Type: :worker
13:17:36.889 [info] Child XPReq.Finch of Supervisor XPReq.Finch.Supervisor started
Pid: #PID<0.143.0>
Start Call: Registry.start_link([keys: :duplicate, name: XPReq.Finch, meta: [config: %{pools: %{}, registry_name: XPReq.Finch, supervisor_name: XPReq.Finch.PoolSupervisor, manager_name: XPReq.Finch.PoolManager, default_pool_config: %{count: 1, size: 50, mod: XPFinch.HTTP1.Pool, conn_opts: [protocols: [:http1], transport_opts: [keepalive: true, nodelay: true, timeout: 5000], ssl_key_log_file_device: nil], pool_max_idle_time: :infinity, conn_max_idle_time: :infinity, start_pool_metrics?: false}}]])
Restart: :permanent
Shutdown: :infinity
Type: :supervisor
13:17:36.889 [info] Child XPReq.Finch.PoolSupervisor of Supervisor XPReq.Finch.Supervisor started
Pid: #PID<0.145.0>
Start Call: DynamicSupervisor.start_link([name: XPReq.Finch.PoolSupervisor, strategy: :one_for_one])
Restart: :permanent
Shutdown: :infinity
Type: :supervisor
13:17:36.889 [info] Child XPFinch.PoolManager of Supervisor XPReq.Finch.Supervisor started
Pid: #PID<0.146.0>
Start Call: XPFinch.PoolManager.start_link(%{pools: %{}, registry_name: XPReq.Finch, supervisor_name: XPReq.Finch.PoolSupervisor, manager_name: XPReq.Finch.PoolManager, default_pool_config: %{count: 1, size: 50, mod: XPFinch.HTTP1.Pool, conn_opts: [protocols: [:http1], transport_opts: [keepalive: true, nodelay: true, timeout: 5000], ssl_key_log_file_device: nil], pool_max_idle_time: :infinity, conn_max_idle_time: :infinity, start_pool_metrics?: false}})
Restart: :permanent
Shutdown: 5000
Type: :worker
13:17:36.889 [info] Child XPReq.Finch of Supervisor #PID<0.141.0> (Supervisor.Default) started
Pid: #PID<0.142.0>
Start Call: XPFinch.start_link([name: XPReq.Finch, pools: %{default: [protocols: [:http1]]}])
Restart: :permanent
Shutdown: 5000
Type: :worker
13:17:36.889 [info] Child XPReq.FinchSupervisor of Supervisor #PID<0.141.0> (Supervisor.Default) started
Pid: #PID<0.147.0>
Start Call: DynamicSupervisor.start_link([strategy: :one_for_one, name: XPReq.FinchSupervisor])
Restart: :permanent
Shutdown: :infinity
Type: :supervisor
13:17:36.889 [info] Child XPReq.Test.Ownership of Supervisor #PID<0.141.0> (Supervisor.Default) started
Pid: #PID<0.148.0>
Start Call: XPReq.Test.Ownership.start_link([name: XPReq.Test.Ownership])
Restart: :permanent
Shutdown: 5000
Type: :worker
13:17:36.889 [info] Application xp_req started at :nonode@nohost
13:17:36.889 [info] Application burrito started at :nonode@nohost
13:17:36.889 [info] Application erts started at :nonode@nohost
13:17:36.889 [info] Application xp_schematic started at :nonode@nohost
13:17:36.889 [info] Application xp_typed_struct started at :nonode@nohost
13:17:36.889 [info] Application xp_gen_lsp started at :nonode@nohost
13:17:36.892 [info] Child XPSnowflake.Generator of Supervisor #PID<0.151.0> (Supervisor.Default) started
Pid: #PID<0.152.0>
Start Call: XPSnowflake.Generator.start_link(0, 1023)
Restart: :permanent
Shutdown: 5000
Type: :worker
13:17:36.892 [info] Application xp_snowflake started at :nonode@nohost
13:17:36.892 [info] Application xp_sourceror started at :nonode@nohost
13:17:36.892 [info] Application xp_forge started at :nonode@nohost
13:17:36.892 [info] Application xp_logger_file_backend started at :nonode@nohost
13:17:36.894 [info] Child :ttb_autostart of Supervisor :runtime_tools_sup started
Pid: #PID<0.156.0>
Start Call: :ttb_autostart.start_link()
Restart: :temporary
Shutdown: 3000
Type: :worker
13:17:36.894 [info] Application runtime_tools started at :nonode@nohost
13:17:36.894 [info] Application et started at :nonode@nohost
13:17:36.894 [info] Application observer started at :nonode@nohost
13:17:36.894 [info] Application xp_path_glob started at :nonode@nohost
13:17:36.896 [info] Child XPForge.Document.Store of Supervisor XPExpert.Supervisor started
Pid: #PID<0.160.0>
Start Call: XPForge.Document.Store.start_link([derive: [analysis: &XPForge.Ast.analyze/1]])
Restart: :permanent
Shutdown: 5000
Type: :worker
13:17:36.896 [info] Child XPExpert.ProjectSupervisor of Supervisor XPExpert.Supervisor started
Pid: #PID<0.161.0>
Start Call: DynamicSupervisor.start_link([name: XPExpert.ProjectSupervisor, strategy: :one_for_one])
Restart: :permanent
Shutdown: :infinity
Type: :supervisor
13:17:36.896 [info] Child XPExpert.DynamicSupervisor of Supervisor XPExpert.Supervisor started
Pid: #PID<0.162.0>
Start Call: DynamicSupervisor.start_link([name: XPExpert.DynamicSupervisor])
Restart: :permanent
Shutdown: :infinity
Type: :supervisor
13:17:36.897 [info] Child XPGenLSP.Assigns of Supervisor XPExpert.Supervisor started
Pid: #PID<0.163.0>
Start Call: XPGenLSP.Assigns.start_link([name: XPExpert.Assigns])
Restart: :permanent
Shutdown: 5000
Type: :worker
13:17:36.897 [info] Child :expert_task_queue of Supervisor XPExpert.Supervisor started
Pid: #PID<0.164.0>
Start Call: Task.Supervisor.start_link([name: :expert_task_queue])
Restart: :permanent
Shutdown: :infinity
Type: :supervisor
13:17:36.897 [info] Child XPGenLSP.Buffer of Supervisor XPExpert.Supervisor started
Pid: #PID<0.165.0>
Start Call: XPGenLSP.Buffer.start_link([name: XPExpert.Buffer])
Restart: :permanent
Shutdown: 5000
Type: :worker
13:17:36.897 [debug] [name: XPExpert, buffer: XPExpert.Buffer, task_supervisor: :expert_task_queue, dynamic_supervisor: XPExpert.DynamicSupervisor, assigns: XPExpert.Assigns]
13:17:36.899 [info] Child XPExpert of Supervisor XPExpert.Supervisor started
Pid: #PID<0.166.0>
Start Call: XPExpert.start_link([name: XPExpert, buffer: XPExpert.Buffer, task_supervisor: :expert_task_queue, dynamic_supervisor: XPExpert.DynamicSupervisor, assigns: XPExpert.Assigns])
Restart: :permanent
Shutdown: 500
Type: :worker
13:17:36.899 [info] Application xp_expert started at :nonode@nohost
13:17:36.921 [info] Starting project at uri file:///home/mckusa/Code/foxdash
13:17:36.925 [info] Child {XPExpert.Project.Progress, "foxdash"} of Supervisor :"foxdash::supervisor" started
Pid: #PID<0.171.0>
Start Call: XPExpert.Project.Progress.start_link(%XPForge.Project{root_uri: "file:///home/mckusa/Code/foxdash", mix_exs_uri: "file:///home/mckusa/Code/foxdash/mix.exs", mix_project?: true, mix_env: nil, mix_target: nil, env_variables: %{}, project_module: nil, entropy: 44012})
Restart: :permanent
Shutdown: 5000
Type: :worker
13:17:36.926 [info] Child {XPExpert.EngineSupervisor, "foxdash"} of Supervisor :"foxdash::supervisor" started
Pid: #PID<0.172.0>
Start Call: XPExpert.EngineSupervisor.start_link(%XPForge.Project{root_uri: "file:///home/mckusa/Code/foxdash", mix_exs_uri: "file:///home/mckusa/Code/foxdash/mix.exs", mix_project?: true, mix_env: nil, mix_target: nil, env_variables: %{}, project_module: nil, entropy: 44012})
Restart: :permanent
Shutdown: 5000
Type: :worker
13:17:36.927 [debug] sent request server -> client window/workDoneProgress/create
13:17:36.931 [info] Child :erl_epmd of Supervisor :net_sup started
Pid: #PID<0.175.0>
Start Call: :erl_epmd.start_link()
Restart: :permanent
Shutdown: 2000
Type: :worker
13:17:36.931 [info] Child :auth of Supervisor :net_sup started
Pid: #PID<0.176.0>
Start Call: :auth.start_link()
Restart: :permanent
Shutdown: 2000
Type: :worker
13:17:36.932 [info] Child :net_kernel of Supervisor :net_sup started
Pid: #PID<0.177.0>
Start Call: :net_kernel.start_link(%{name: :"manager-foxdash-44012@127.0.0.1", supervisor: :net_sup_dynamic, name_domain: :longnames, clean_halt: false})
Restart: :permanent
Shutdown: 2000
Type: :worker
13:17:36.932 [debug] Child :net_sup_dynamic of Supervisor :kernel_sup started
Pid: #PID<0.174.0>
Start Call: :erl_distribution.start_link(%{name: :"manager-foxdash-44012@127.0.0.1", supervisor: :net_sup_dynamic, name_domain: :longnames, clean_halt: false})
Restart: :permanent
Shutdown: 1000
Type: :supervisor
13:17:36.935 [debug] sent notification server -> client $/progress
13:17:36.946 [debug] handled request client -> server initialize in 43ms
13:17:36.948 [debug] sent request server -> client client/registerCapability
13:17:36.951 [info] ################### opened file:///home/mckusa/Code/foxdash/config/env.exs
13:17:36.951 [debug] handled notification client -> server textDocument/didOpen in 3ms
13:17:36.951 [debug] sent notification server -> client window/logMessage
13:17:36.951 [debug] sent request server -> client window/workDoneProgress/create
13:17:36.952 [debug] sent notification server -> client $/progress
13:17:36.952 [debug] handled notification client -> server initialized in 5ms
13:17:38.610 [debug] sent notification server -> client window/logMessage
13:17:38.610 [debug] handled request client -> server textDocument/completion in 5ms
13:17:38.613 [info] Child of Supervisor :inet_gethost_native_sup started
Pid: #PID<0.186.0>
Start Call: :inet_gethost_native.init([])
13:17:38.613 [debug] Child :inet_gethost_native_sup of Supervisor :kernel_safe_sup started
Pid: #PID<0.185.0>
Start Call: :inet_gethost_native.start_link()
Restart: :temporary
Shutdown: 1000
Type: :worker
13:17:38.615 [error] ** (ErlangError) Erlang error: {:erpc, :noconnection}
    (kernel 10.2.7.1) erpc.erl:1376: :erpc.call/5
    (xp_expert 0.1.0-c5cd0fc) lib/expert/state.ex:122: XPExpert.State.apply/2
    (xp_expert 0.1.0-c5cd0fc) lib/expert.ex:200: XPExpert.apply_to_state/2
    (xp_expert 0.1.0-c5cd0fc) lib/expert.ex:139: XPExpert.handle_notification/2
    (xp_gen_lsp 0.11.0) lib/gen_lsp.ex:528: anonymous fn/2 in XPGenLSP.loop/3
    (xp_telemetry 1.3.0) /home/runner/work/expert/expert/apps/expert/deps/telemetry/src/telemetry.erl:324: :xp_telemetry.span/3
    (xp_gen_lsp 0.11.0) lib/gen_lsp.ex:524: anonymous fn/4 in XPGenLSP.loop/3
    (xp_gen_lsp 0.11.0) lib/gen_lsp.ex:601: anonymous fn/4 in XPGenLSP.attempt/4

13:17:38.615 [debug] sent notification server -> client window/logMessage
13:17:38.615 [warning] client -> server notification crashed
13:17:38.756 [error] ** (ErlangError) Erlang error: {:erpc, :noconnection}
    (kernel 10.2.7.1) erpc.erl:1376: :erpc.call/5
    (xp_expert 0.1.0-c5cd0fc) lib/expert/state.ex:122: XPExpert.State.apply/2
    (xp_expert 0.1.0-c5cd0fc) lib/expert.ex:200: XPExpert.apply_to_state/2
    (xp_expert 0.1.0-c5cd0fc) lib/expert.ex:139: XPExpert.handle_notification/2
    (xp_gen_lsp 0.11.0) lib/gen_lsp.ex:528: anonymous fn/2 in XPGenLSP.loop/3
    (xp_telemetry 1.3.0) /home/runner/work/expert/expert/apps/expert/deps/telemetry/src/telemetry.erl:324: :xp_telemetry.span/3
    (xp_gen_lsp 0.11.0) lib/gen_lsp.ex:524: anonymous fn/4 in XPGenLSP.loop/3
    (xp_gen_lsp 0.11.0) lib/gen_lsp.ex:601: anonymous fn/4 in XPGenLSP.attempt/4

13:17:38.756 [debug] sent notification server -> client window/logMessage
13:17:38.756 [warning] client -> server notification crashed
13:17:38.892 [error] ** (ErlangError) Erlang error: {:erpc, :noconnection}
    (kernel 10.2.7.1) erpc.erl:1376: :erpc.call/5
    (xp_expert 0.1.0-c5cd0fc) lib/expert/state.ex:122: XPExpert.State.apply/2
    (xp_expert 0.1.0-c5cd0fc) lib/expert.ex:200: XPExpert.apply_to_state/2
    (xp_expert 0.1.0-c5cd0fc) lib/expert.ex:139: XPExpert.handle_notification/2
    (xp_gen_lsp 0.11.0) lib/gen_lsp.ex:528: anonymous fn/2 in XPGenLSP.loop/3
    (xp_telemetry 1.3.0) /home/runner/work/expert/expert/apps/expert/deps/telemetry/src/telemetry.erl:324: :xp_telemetry.span/3
    (xp_gen_lsp 0.11.0) lib/gen_lsp.ex:524: anonymous fn/4 in XPGenLSP.loop/3
    (xp_gen_lsp 0.11.0) lib/gen_lsp.ex:601: anonymous fn/4 in XPGenLSP.attempt/4

13:17:38.892 [debug] sent notification server -> client window/logMessage
13:17:38.892 [warning] client -> server notification crashed
13:17:38.959 [debug] sent notification server -> client window/logMessage
13:17:38.959 [debug] handled request client -> server textDocument/completion in 224µs
13:17:38.960 [debug] handled notification client -> server $/cancelRequest in 1ms
13:17:38.960 [error] ** (ErlangError) Erlang error: {:erpc, :noconnection}
    (kernel 10.2.7.1) erpc.erl:1376: :erpc.call/5
    (xp_expert 0.1.0-c5cd0fc) lib/expert/state.ex:122: XPExpert.State.apply/2
    (xp_expert 0.1.0-c5cd0fc) lib/expert.ex:200: XPExpert.apply_to_state/2
    (xp_expert 0.1.0-c5cd0fc) lib/expert.ex:139: XPExpert.handle_notification/2
    (xp_gen_lsp 0.11.0) lib/gen_lsp.ex:528: anonymous fn/2 in XPGenLSP.loop/3
    (xp_telemetry 1.3.0) /home/runner/work/expert/expert/apps/expert/deps/telemetry/src/telemetry.erl:324: :xp_telemetry.span/3
    (xp_gen_lsp 0.11.0) lib/gen_lsp.ex:524: anonymous fn/4 in XPGenLSP.loop/3
    (xp_gen_lsp 0.11.0) lib/gen_lsp.ex:601: anonymous fn/4 in XPGenLSP.attempt/4

13:17:38.960 [debug] sent notification server -> client window/logMessage
13:17:38.960 [warning] client -> server notification crashed
13:17:39.111 [error] ** (ErlangError) Erlang error: {:erpc, :noconnection}
    (kernel 10.2.7.1) erpc.erl:1376: :erpc.call/5
    (xp_expert 0.1.0-c5cd0fc) lib/expert/state.ex:122: XPExpert.State.apply/2
    (xp_expert 0.1.0-c5cd0fc) lib/expert.ex:200: XPExpert.apply_to_state/2
    (xp_expert 0.1.0-c5cd0fc) lib/expert.ex:139: XPExpert.handle_notification/2
    (xp_gen_lsp 0.11.0) lib/gen_lsp.ex:528: anonymous fn/2 in XPGenLSP.loop/3
    (xp_telemetry 1.3.0) /home/runner/work/expert/expert/apps/expert/deps/telemetry/src/telemetry.erl:324: :xp_telemetry.span/3
    (xp_gen_lsp 0.11.0) lib/gen_lsp.ex:524: anonymous fn/4 in XPGenLSP.loop/3
    (xp_gen_lsp 0.11.0) lib/gen_lsp.ex:601: anonymous fn/4 in XPGenLSP.attempt/4

13:17:39.111 [debug] sent notification server -> client window/logMessage
13:17:39.111 [warning] client -> server notification crashed
13:17:39.220 [error] ** (ErlangError) Erlang error: {:erpc, :noconnection}
    (kernel 10.2.7.1) erpc.erl:1376: :erpc.call/5
    (xp_expert 0.1.0-c5cd0fc) lib/expert/state.ex:122: XPExpert.State.apply/2
    (xp_expert 0.1.0-c5cd0fc) lib/expert.ex:200: XPExpert.apply_to_state/2
    (xp_expert 0.1.0-c5cd0fc) lib/expert.ex:139: XPExpert.handle_notification/2
    (xp_gen_lsp 0.11.0) lib/gen_lsp.ex:528: anonymous fn/2 in XPGenLSP.loop/3
    (xp_telemetry 1.3.0) /home/runner/work/expert/expert/apps/expert/deps/telemetry/src/telemetry.erl:324: :xp_telemetry.span/3
    (xp_gen_lsp 0.11.0) lib/gen_lsp.ex:524: anonymous fn/4 in XPGenLSP.loop/3
    (xp_gen_lsp 0.11.0) lib/gen_lsp.ex:601: anonymous fn/4 in XPGenLSP.attempt/4

13:17:39.220 [debug] sent notification server -> client window/logMessage
13:17:39.220 [warning] client -> server notification crashed
13:17:39.257 [debug] handled notification client -> server $/cancelRequest in 101µs
13:17:39.257 [debug] sent notification server -> client window/logMessage
13:17:39.257 [debug] handled request client -> server textDocument/completion in 195µs
13:17:39.259 [error] ** (ErlangError) Erlang error: {:erpc, :noconnection}
    (kernel 10.2.7.1) erpc.erl:1376: :erpc.call/5
    (xp_expert 0.1.0-c5cd0fc) lib/expert/state.ex:122: XPExpert.State.apply/2
    (xp_expert 0.1.0-c5cd0fc) lib/expert.ex:200: XPExpert.apply_to_state/2
    (xp_expert 0.1.0-c5cd0fc) lib/expert.ex:139: XPExpert.handle_notification/2
    (xp_gen_lsp 0.11.0) lib/gen_lsp.ex:528: anonymous fn/2 in XPGenLSP.loop/3
    (xp_telemetry 1.3.0) /home/runner/work/expert/expert/apps/expert/deps/telemetry/src/telemetry.erl:324: :xp_telemetry.span/3
    (xp_gen_lsp 0.11.0) lib/gen_lsp.ex:524: anonymous fn/4 in XPGenLSP.loop/3
    (xp_gen_lsp 0.11.0) lib/gen_lsp.ex:601: anonymous fn/4 in XPGenLSP.attempt/4

13:17:39.259 [debug] sent notification server -> client window/logMessage
13:17:39.259 [warning] client -> server notification crashed
13:17:39.587 [error] ** (ErlangError) Erlang error: {:erpc, :noconnection}
    (kernel 10.2.7.1) erpc.erl:1376: :erpc.call/5
    (xp_expert 0.1.0-c5cd0fc) lib/expert/state.ex:122: XPExpert.State.apply/2
    (xp_expert 0.1.0-c5cd0fc) lib/expert.ex:200: XPExpert.apply_to_state/2
    (xp_expert 0.1.0-c5cd0fc) lib/expert.ex:139: XPExpert.handle_notification/2
    (xp_gen_lsp 0.11.0) lib/gen_lsp.ex:528: anonymous fn/2 in XPGenLSP.loop/3
    (xp_telemetry 1.3.0) /home/runner/work/expert/expert/apps/expert/deps/telemetry/src/telemetry.erl:324: :xp_telemetry.span/3
    (xp_gen_lsp 0.11.0) lib/gen_lsp.ex:524: anonymous fn/4 in XPGenLSP.loop/3
    (xp_gen_lsp 0.11.0) lib/gen_lsp.ex:601: anonymous fn/4 in XPGenLSP.attempt/4

13:17:39.587 [debug] sent notification server -> client window/logMessage
13:17:39.587 [warning] client -> server notification crashed
13:17:39.736 [error] ** (ErlangError) Erlang error: {:erpc, :noconnection}
    (kernel 10.2.7.1) erpc.erl:1376: :erpc.call/5
    (xp_expert 0.1.0-c5cd0fc) lib/expert/state.ex:122: XPExpert.State.apply/2
    (xp_expert 0.1.0-c5cd0fc) lib/expert.ex:200: XPExpert.apply_to_state/2
    (xp_expert 0.1.0-c5cd0fc) lib/expert.ex:139: XPExpert.handle_notification/2
    (xp_gen_lsp 0.11.0) lib/gen_lsp.ex:528: anonymous fn/2 in XPGenLSP.loop/3
    (xp_telemetry 1.3.0) /home/runner/work/expert/expert/apps/expert/deps/telemetry/src/telemetry.erl:324: :xp_telemetry.span/3
    (xp_gen_lsp 0.11.0) lib/gen_lsp.ex:524: anonymous fn/4 in XPGenLSP.loop/3
    (xp_gen_lsp 0.11.0) lib/gen_lsp.ex:601: anonymous fn/4 in XPGenLSP.attempt/4

13:17:39.736 [debug] sent notification server -> client window/logMessage
13:17:39.736 [warning] client -> server notification crashed
13:17:39.872 [error] ** (ErlangError) Erlang error: {:erpc, :noconnection}
    (kernel 10.2.7.1) erpc.erl:1376: :erpc.call/5
    (xp_expert 0.1.0-c5cd0fc) lib/expert/state.ex:122: XPExpert.State.apply/2
    (xp_expert 0.1.0-c5cd0fc) lib/expert.ex:200: XPExpert.apply_to_state/2
    (xp_expert 0.1.0-c5cd0fc) lib/expert.ex:139: XPExpert.handle_notification/2
    (xp_gen_lsp 0.11.0) lib/gen_lsp.ex:528: anonymous fn/2 in XPGenLSP.loop/3
    (xp_telemetry 1.3.0) /home/runner/work/expert/expert/apps/expert/deps/telemetry/src/telemetry.erl:324: :xp_telemetry.span/3
    (xp_gen_lsp 0.11.0) lib/gen_lsp.ex:524: anonymous fn/4 in XPGenLSP.loop/3
    (xp_gen_lsp 0.11.0) lib/gen_lsp.ex:601: anonymous fn/4 in XPGenLSP.attempt/4

13:17:39.872 [debug] sent notification server -> client window/logMessage
13:17:39.872 [warning] client -> server notification crashed
13:17:39.986 [error] ** (ErlangError) Erlang error: {:erpc, :noconnection}
    (kernel 10.2.7.1) erpc.erl:1376: :erpc.call/5
    (xp_expert 0.1.0-c5cd0fc) lib/expert/state.ex:122: XPExpert.State.apply/2
    (xp_expert 0.1.0-c5cd0fc) lib/expert.ex:200: XPExpert.apply_to_state/2
    (xp_expert 0.1.0-c5cd0fc) lib/expert.ex:139: XPExpert.handle_notification/2
    (xp_gen_lsp 0.11.0) lib/gen_lsp.ex:528: anonymous fn/2 in XPGenLSP.loop/3
    (xp_telemetry 1.3.0) /home/runner/work/expert/expert/apps/expert/deps/telemetry/src/telemetry.erl:324: :xp_telemetry.span/3
    (xp_gen_lsp 0.11.0) lib/gen_lsp.ex:524: anonymous fn/4 in XPGenLSP.loop/3
    (xp_gen_lsp 0.11.0) lib/gen_lsp.ex:601: anonymous fn/4 in XPGenLSP.attempt/4

13:17:39.986 [debug] sent notification server -> client window/logMessage
13:17:39.986 [warning] client -> server notification crashed
13:17:40.077 [error] ** (ErlangError) Erlang error: {:erpc, :noconnection}
    (kernel 10.2.7.1) erpc.erl:1376: :erpc.call/5
    (xp_expert 0.1.0-c5cd0fc) lib/expert/state.ex:122: XPExpert.State.apply/2
    (xp_expert 0.1.0-c5cd0fc) lib/expert.ex:200: XPExpert.apply_to_state/2
    (xp_expert 0.1.0-c5cd0fc) lib/expert.ex:139: XPExpert.handle_notification/2
    (xp_gen_lsp 0.11.0) lib/gen_lsp.ex:528: anonymous fn/2 in XPGenLSP.loop/3
    (xp_telemetry 1.3.0) /home/runner/work/expert/expert/apps/expert/deps/telemetry/src/telemetry.erl:324: :xp_telemetry.span/3
    (xp_gen_lsp 0.11.0) lib/gen_lsp.ex:524: anonymous fn/4 in XPGenLSP.loop/3
    (xp_gen_lsp 0.11.0) lib/gen_lsp.ex:601: anonymous fn/4 in XPGenLSP.attempt/4

13:17:40.077 [debug] sent notification server -> client window/logMessage
13:17:40.077 [warning] client -> server notification crashed
13:17:40.228 [error] ** (ErlangError) Erlang error: {:erpc, :noconnection}
    (kernel 10.2.7.1) erpc.erl:1376: :erpc.call/5
    (xp_expert 0.1.0-c5cd0fc) lib/expert/state.ex:122: XPExpert.State.apply/2
    (xp_expert 0.1.0-c5cd0fc) lib/expert.ex:200: XPExpert.apply_to_state/2
    (xp_expert 0.1.0-c5cd0fc) lib/expert.ex:139: XPExpert.handle_notification/2
    (xp_gen_lsp 0.11.0) lib/gen_lsp.ex:528: anonymous fn/2 in XPGenLSP.loop/3
    (xp_telemetry 1.3.0) /home/runner/work/expert/expert/apps/expert/deps/telemetry/src/telemetry.erl:324: :xp_telemetry.span/3
    (xp_gen_lsp 0.11.0) lib/gen_lsp.ex:524: anonymous fn/4 in XPGenLSP.loop/3
    (xp_gen_lsp 0.11.0) lib/gen_lsp.ex:601: anonymous fn/4 in XPGenLSP.attempt/4

13:17:40.228 [debug] sent notification server -> client window/logMessage
13:17:40.229 [warning] client -> server notification crashed
13:17:40.349 [error] ** (ErlangError) Erlang error: {:erpc, :noconnection}
    (kernel 10.2.7.1) erpc.erl:1376: :erpc.call/5
    (xp_expert 0.1.0-c5cd0fc) lib/expert/state.ex:122: XPExpert.State.apply/2
    (xp_expert 0.1.0-c5cd0fc) lib/expert.ex:200: XPExpert.apply_to_state/2
    (xp_expert 0.1.0-c5cd0fc) lib/expert.ex:139: XPExpert.handle_notification/2
    (xp_gen_lsp 0.11.0) lib/gen_lsp.ex:528: anonymous fn/2 in XPGenLSP.loop/3
    (xp_telemetry 1.3.0) /home/runner/work/expert/expert/apps/expert/deps/telemetry/src/telemetry.erl:324: :xp_telemetry.span/3
    (xp_gen_lsp 0.11.0) lib/gen_lsp.ex:524: anonymous fn/4 in XPGenLSP.loop/3
    (xp_gen_lsp 0.11.0) lib/gen_lsp.ex:601: anonymous fn/4 in XPGenLSP.attempt/4

13:17:40.349 [debug] sent notification server -> client window/logMessage
13:17:40.349 [warning] client -> server notification crashed
13:17:41.258 [debug] handled notification client -> server $/cancelRequest in 124µs
13:17:41.258 [debug] sent notification server -> client window/logMessage
13:17:41.258 [debug] handled request client -> server textDocument/completion in 211µs
13:17:41.524 [error] ** (ErlangError) Erlang error: {:erpc, :noconnection}
    (kernel 10.2.7.1) erpc.erl:1376: :erpc.call/5
    (xp_expert 0.1.0-c5cd0fc) lib/expert/state.ex:122: XPExpert.State.apply/2
    (xp_expert 0.1.0-c5cd0fc) lib/expert.ex:200: XPExpert.apply_to_state/2
    (xp_expert 0.1.0-c5cd0fc) lib/expert.ex:139: XPExpert.handle_notification/2
    (xp_gen_lsp 0.11.0) lib/gen_lsp.ex:528: anonymous fn/2 in XPGenLSP.loop/3
    (xp_telemetry 1.3.0) /home/runner/work/expert/expert/apps/expert/deps/telemetry/src/telemetry.erl:324: :xp_telemetry.span/3
    (xp_gen_lsp 0.11.0) lib/gen_lsp.ex:524: anonymous fn/4 in XPGenLSP.loop/3
    (xp_gen_lsp 0.11.0) lib/gen_lsp.ex:601: anonymous fn/4 in XPGenLSP.attempt/4

13:17:41.524 [debug] sent notification server -> client window/logMessage
13:17:41.524 [warning] client -> server notification crashed
13:17:41.525 [debug] handled notification client -> server $/cancelRequest in 73µs
13:17:41.525 [debug] sent notification server -> client window/logMessage
13:17:41.525 [debug] handled request client -> server textDocument/completion in 149µs
13:17:41.602 [error] ** (ErlangError) Erlang error: {:erpc, :noconnection}
    (kernel 10.2.7.1) erpc.erl:1376: :erpc.call/5
    (xp_expert 0.1.0-c5cd0fc) lib/expert/state.ex:122: XPExpert.State.apply/2
    (xp_expert 0.1.0-c5cd0fc) lib/expert.ex:200: XPExpert.apply_to_state/2
    (xp_expert 0.1.0-c5cd0fc) lib/expert.ex:139: XPExpert.handle_notification/2
    (xp_gen_lsp 0.11.0) lib/gen_lsp.ex:528: anonymous fn/2 in XPGenLSP.loop/3
    (xp_telemetry 1.3.0) /home/runner/work/expert/expert/apps/expert/deps/telemetry/src/telemetry.erl:324: :xp_telemetry.span/3
    (xp_gen_lsp 0.11.0) lib/gen_lsp.ex:524: anonymous fn/4 in XPGenLSP.loop/3
    (xp_gen_lsp 0.11.0) lib/gen_lsp.ex:601: anonymous fn/4 in XPGenLSP.attempt/4

13:17:41.602 [debug] sent notification server -> client window/logMessage
13:17:41.602 [warning] client -> server notification crashed
13:17:41.737 [error] ** (ErlangError) Erlang error: {:erpc, :noconnection}
    (kernel 10.2.7.1) erpc.erl:1376: :erpc.call/5
    (xp_expert 0.1.0-c5cd0fc) lib/expert/state.ex:122: XPExpert.State.apply/2
    (xp_expert 0.1.0-c5cd0fc) lib/expert.ex:200: XPExpert.apply_to_state/2
    (xp_expert 0.1.0-c5cd0fc) lib/expert.ex:139: XPExpert.handle_notification/2
    (xp_gen_lsp 0.11.0) lib/gen_lsp.ex:528: anonymous fn/2 in XPGenLSP.loop/3
    (xp_telemetry 1.3.0) /home/runner/work/expert/expert/apps/expert/deps/telemetry/src/telemetry.erl:324: :xp_telemetry.span/3
    (xp_gen_lsp 0.11.0) lib/gen_lsp.ex:524: anonymous fn/4 in XPGenLSP.loop/3
    (xp_gen_lsp 0.11.0) lib/gen_lsp.ex:601: anonymous fn/4 in XPGenLSP.attempt/4

13:17:41.737 [debug] sent notification server -> client window/logMessage
13:17:41.737 [warning] client -> server notification crashed
13:17:41.832 [error] ** (ErlangError) Erlang error: {:erpc, :noconnection}
    (kernel 10.2.7.1) erpc.erl:1376: :erpc.call/5
    (xp_expert 0.1.0-c5cd0fc) lib/expert/state.ex:122: XPExpert.State.apply/2
    (xp_expert 0.1.0-c5cd0fc) lib/expert.ex:200: XPExpert.apply_to_state/2
    (xp_expert 0.1.0-c5cd0fc) lib/expert.ex:139: XPExpert.handle_notification/2
    (xp_gen_lsp 0.11.0) lib/gen_lsp.ex:528: anonymous fn/2 in XPGenLSP.loop/3
    (xp_telemetry 1.3.0) /home/runner/work/expert/expert/apps/expert/deps/telemetry/src/telemetry.erl:324: :xp_telemetry.span/3
    (xp_gen_lsp 0.11.0) lib/gen_lsp.ex:524: anonymous fn/4 in XPGenLSP.loop/3
    (xp_gen_lsp 0.11.0) lib/gen_lsp.ex:601: anonymous fn/4 in XPGenLSP.attempt/4

13:17:41.832 [debug] sent notification server -> client window/logMessage
13:17:41.832 [warning] client -> server notification crashed
13:17:41.921 [error] ** (ErlangError) Erlang error: {:erpc, :noconnection}
    (kernel 10.2.7.1) erpc.erl:1376: :erpc.call/5
    (xp_expert 0.1.0-c5cd0fc) lib/expert/state.ex:122: XPExpert.State.apply/2
    (xp_expert 0.1.0-c5cd0fc) lib/expert.ex:200: XPExpert.apply_to_state/2
    (xp_expert 0.1.0-c5cd0fc) lib/expert.ex:139: XPExpert.handle_notification/2
    (xp_gen_lsp 0.11.0) lib/gen_lsp.ex:528: anonymous fn/2 in XPGenLSP.loop/3
    (xp_telemetry 1.3.0) /home/runner/work/expert/expert/apps/expert/deps/telemetry/src/telemetry.erl:324: :xp_telemetry.span/3
    (xp_gen_lsp 0.11.0) lib/gen_lsp.ex:524: anonymous fn/4 in XPGenLSP.loop/3
    (xp_gen_lsp 0.11.0) lib/gen_lsp.ex:601: anonymous fn/4 in XPGenLSP.attempt/4

13:17:41.921 [debug] sent notification server -> client window/logMessage
13:17:41.921 [warning] client -> server notification crashed
13:17:42.019 [error] ** (ErlangError) Erlang error: {:erpc, :noconnection}
    (kernel 10.2.7.1) erpc.erl:1376: :erpc.call/5
    (xp_expert 0.1.0-c5cd0fc) lib/expert/state.ex:122: XPExpert.State.apply/2
    (xp_expert 0.1.0-c5cd0fc) lib/expert.ex:200: XPExpert.apply_to_state/2
    (xp_expert 0.1.0-c5cd0fc) lib/expert.ex:139: XPExpert.handle_notification/2
    (xp_gen_lsp 0.11.0) lib/gen_lsp.ex:528: anonymous fn/2 in XPGenLSP.loop/3
    (xp_telemetry 1.3.0) /home/runner/work/expert/expert/apps/expert/deps/telemetry/src/telemetry.erl:324: :xp_telemetry.span/3
    (xp_gen_lsp 0.11.0) lib/gen_lsp.ex:524: anonymous fn/4 in XPGenLSP.loop/3
    (xp_gen_lsp 0.11.0) lib/gen_lsp.ex:601: anonymous fn/4 in XPGenLSP.attempt/4

13:17:42.019 [debug] sent notification server -> client window/logMessage
13:17:42.019 [warning] client -> server notification crashed
13:17:43.486 [error] ** (ErlangError) Erlang error: {:erpc, :noconnection}
    (kernel 10.2.7.1) erpc.erl:1376: :erpc.call/5
    (xp_expert 0.1.0-c5cd0fc) lib/expert/state.ex:122: XPExpert.State.apply/2
    (xp_expert 0.1.0-c5cd0fc) lib/expert.ex:200: XPExpert.apply_to_state/2
    (xp_expert 0.1.0-c5cd0fc) lib/expert.ex:139: XPExpert.handle_notification/2
    (xp_gen_lsp 0.11.0) lib/gen_lsp.ex:528: anonymous fn/2 in XPGenLSP.loop/3
    (xp_telemetry 1.3.0) /home/runner/work/expert/expert/apps/expert/deps/telemetry/src/telemetry.erl:324: :xp_telemetry.span/3
    (xp_gen_lsp 0.11.0) lib/gen_lsp.ex:524: anonymous fn/4 in XPGenLSP.loop/3
    (xp_gen_lsp 0.11.0) lib/gen_lsp.ex:601: anonymous fn/4 in XPGenLSP.attempt/4

13:17:43.486 [debug] sent notification server -> client window/logMessage
13:17:43.486 [warning] client -> server notification crashed
13:17:43.511 [info] Engine build available at: /home/mckusa/.local/share/Expert/0.1.0-c5cd0fc/elixir-1.18.3-erts-15.2.5/842ce4ed74f18fd7e4b4626541460885/_build/dev_ns
13:17:43.524 [debug] handled notification client -> server $/cancelRequest in 115µs
13:17:43.524 [debug] sent notification server -> client window/logMessage
13:17:43.524 [debug] handled request client -> server textDocument/completion in 206µs
13:17:43.531 [debug] sent notification server -> client $/progress
13:17:43.773 [debug] handled notification client -> server $/cancelRequest in 67µs
13:17:43.773 [debug] sent notification server -> client window/logMessage
13:17:43.773 [debug] handled request client -> server textDocument/completion in 160µs
13:17:43.778 [error] Task #PID<0.262.0> started from XPExpert terminating
** (stop) {:exception, {:noproc, {:gen_statem, :call, [XPEngine.Api.Proxy, {:buffer, {:mfa, XPEngine.Dispatch, :broadcast, [{:file_changed, "file:///home/mckusa/Code/foxdash/config/env.exs", 27, 27, true}], -576460752303423485}, :ok}, :infinity]}}}
    (kernel 10.2.7.1) erpc.erl:1366: :erpc.call/5
    (xp_expert 0.1.0-c5cd0fc) lib/expert/state.ex:122: XPExpert.State.apply/2
    (xp_expert 0.1.0-c5cd0fc) lib/expert.ex:200: XPExpert.apply_to_state/2
    (xp_expert 0.1.0-c5cd0fc) lib/expert.ex:139: XPExpert.handle_notification/2
    (xp_gen_lsp 0.11.0) lib/gen_lsp.ex:528: anonymous fn/2 in XPGenLSP.loop/3
    (xp_telemetry 1.3.0) /home/runner/work/expert/expert/apps/expert/deps/telemetry/src/telemetry.erl:324: :xp_telemetry.span/3
    (xp_gen_lsp 0.11.0) lib/gen_lsp.ex:524: anonymous fn/4 in XPGenLSP.loop/3
    (xp_gen_lsp 0.11.0) lib/gen_lsp.ex:601: anonymous fn/4 in XPGenLSP.attempt/4
Function: #Function<0.83162719/0 in XPGenLSP.attempt/4>
    Args: []
13:17:43.778 [error] Child :undefined of Supervisor :expert_task_queue terminated
** (exit) {:exception, {:noproc, {:gen_statem, :call, [XPEngine.Api.Proxy, {:buffer, {:mfa, XPEngine.Dispatch, :broadcast, [{:file_changed, "file:///home/mckusa/Code/foxdash/config/env.exs", 27, 27, true}], -576460752303423485}, :ok}, :infinity]}}}
Pid: #PID<0.262.0>
Start Call: Task.Supervised.start_link/?
Restart: :temporary
Shutdown: 5000
Type: :worker
13:17:43.914 [debug] sent notification server -> client $/progress
13:17:43.914 [info] Child {XPExpert.Project.Node, "foxdash"} of Supervisor :"foxdash::supervisor" started
Pid: #PID<0.173.0>
Start Call: XPExpert.Project.Node.start_link(%XPForge.Project{root_uri: "file:///home/mckusa/Code/foxdash", mix_exs_uri: "file:///home/mckusa/Code/foxdash/mix.exs", mix_project?: true, mix_env: nil, mix_target: nil, env_variables: %{}, project_module: nil, entropy: 44012})
Restart: :permanent
Shutdown: 5000
Type: :worker
13:17:43.914 [info] Child {XPExpert.Project.Diagnostics, "foxdash"} of Supervisor :"foxdash::supervisor" started
Pid: #PID<0.266.0>
Start Call: XPExpert.Project.Diagnostics.start_link(%XPForge.Project{root_uri: "file:///home/mckusa/Code/foxdash", mix_exs_uri: "file:///home/mckusa/Code/foxdash/mix.exs", mix_project?: true, mix_env: nil, mix_target: nil, env_variables: %{}, project_module: nil, entropy: 44012})
Restart: :permanent
Shutdown: 5000
Type: :worker
13:17:43.916 [info] Child {XPExpert.Project.Intelligence, "foxdash"} of Supervisor :"foxdash::supervisor" started
Pid: #PID<0.267.0>
Start Call: XPExpert.Project.Intelligence.start_link(%XPForge.Project{root_uri: "file:///home/mckusa/Code/foxdash", mix_exs_uri: "file:///home/mckusa/Code/foxdash/mix.exs", mix_project?: true, mix_env: nil, mix_target: nil, env_variables: %{}, project_module: nil, entropy: 44012})
Restart: :permanent
Shutdown: 5000
Type: :worker
13:17:43.916 [info] Child XPExpert.Project.SearchListener of Supervisor :"foxdash::supervisor" started
Pid: #PID<0.268.0>
Start Call: XPExpert.Project.SearchListener.start_link(%XPForge.Project{root_uri: "file:///home/mckusa/Code/foxdash", mix_exs_uri: "file:///home/mckusa/Code/foxdash/mix.exs", mix_project?: true, mix_env: nil, mix_target: nil, env_variables: %{}, project_module: nil, entropy: 44012})
Restart: :permanent
Shutdown: 5000
Type: :worker
13:17:43.917 [info] Engine initialized
13:17:44.005 [debug] sent request server -> client window/workDoneProgress/create
13:17:44.005 [debug] sent notification server -> client $/progress
13:17:44.879 [debug] sent notification server -> client $/progress
13:17:44.879 [debug] sent request server -> client window/workDoneProgress/create
13:17:44.880 [debug] sent notification server -> client $/progress
13:17:45.546 [debug] sent notification server -> client $/progress
13:17:45.546 [debug] sent request server -> client window/workDoneProgress/create
13:17:45.547 [debug] sent notification server -> client $/progress
13:17:46.296 [debug] sent notification server -> client $/progress
13:17:46.296 [debug] sent request server -> client window/workDoneProgress/create
13:17:46.297 [debug] sent notification server -> client $/progress
13:17:46.301 [debug] sent notification server -> client $/progress
13:17:46.301 [debug] sent request server -> client window/workDoneProgress/create
13:17:46.302 [debug] sent notification server -> client $/progress
13:17:46.304 [debug] sent notification server -> client $/progress
13:17:46.304 [debug] sent request server -> client window/workDoneProgress/create
13:17:46.304 [debug] sent notification server -> client $/progress
13:17:46.346 [debug] sent notification server -> client $/progress
13:17:46.350 [info] Compiled foxdash in 2.4 seconds
13:17:46.768 [debug] sent request server -> client window/workDoneProgress/create
13:17:46.768 [debug] sent notification server -> client $/progress
13:17:46.940 [debug] sent notification server -> client $/progress
13:17:47.058 [debug] sent notification server -> client $/progress
13:17:47.260 [debug] sent notification server -> client $/progress
13:17:47.503 [debug] sent notification server -> client $/progress
13:17:47.503 [debug] sent notification server -> client $/progress
13:18:08.380 [debug] handled notification client -> server $/cancelRequest in 1ms
13:18:08.380 [debug] sent notification server -> client window/logMessage
13:18:08.380 [info] Shutting down
13:18:08.381 [error] ** (XPGenLSP.InvalidResponse) Invalid response for request shutdown.

Response: {:ok, nil}
Errors: "expected either null or a %XPGenLSP.ErrorResponse{}"

13:18:08.381 [debug] handled request client -> server shutdown in 3ms
13:18:08.385 [info] SIGTERM received - shutting down

